[2023-07-28 16:13:13,289: INFO: main: >>>>>>> stage Data Ingestion stage started <<<<<<<<]
[2023-07-28 16:13:13,292: INFO: common: yaml file: config\config.yaml loaded successfully]
[2023-07-28 16:13:13,294: INFO: common: yaml file: params.yaml loaded successfully]
[2023-07-28 16:13:13,296: INFO: common: created directory at: artifacts]
[2023-07-28 16:13:13,296: INFO: common: created directory at: artifacts/data_ingestion]
[2023-07-28 16:13:18,116: INFO: data_ingestion: download! with following info]
[2023-07-28 16:13:18,201: INFO: main: >>>>>>> stage Data Ingestion stage completed <<<<<<<<

x===========x]
[2023-07-28 16:13:18,202: INFO: main: >>>>>>> stage Data preprocessing and model Training started <<<<<<<<]
[2023-07-28 16:13:18,204: INFO: common: yaml file: config\config.yaml loaded successfully]
[2023-07-28 16:13:18,206: INFO: common: yaml file: params.yaml loaded successfully]
[2023-07-28 16:13:18,207: INFO: common: created directory at: artifacts]
[2023-07-28 16:13:21,538: INFO: common: created directory at: artifacts/segmentation_model]
[2023-07-28 16:16:39,089: INFO: main: >>>>>>> stage Data preprocessing and model Training completed <<<<<<<<

x===========x]
[2023-07-28 16:16:39,098: INFO: main: >>>>>>> stage Model Evaluation started <<<<<<<<]
[2023-07-28 16:16:39,113: INFO: common: yaml file: config\config.yaml loaded successfully]
[2023-07-28 16:16:39,120: INFO: common: yaml file: params.yaml loaded successfully]
[2023-07-28 16:16:39,126: INFO: common: created directory at: artifacts]

[2023-07-28 16:19:49,615: INFO: main: >>>>>>> stage Data Ingestion stage started <<<<<<<<]
[2023-07-28 16:19:49,618: INFO: common: yaml file: config\config.yaml loaded successfully]
[2023-07-28 16:19:49,620: INFO: common: yaml file: params.yaml loaded successfully]
[2023-07-28 16:19:49,620: INFO: common: created directory at: artifacts]
[2023-07-28 16:19:49,621: INFO: common: created directory at: artifacts/data_ingestion]
[2023-07-28 16:19:49,621: INFO: data_ingestion: File already exists of size: ~ 8261 KB]
[2023-07-28 16:19:49,694: INFO: main: >>>>>>> stage Data Ingestion stage completed <<<<<<<<

x===========x]
[2023-07-28 16:19:49,694: INFO: main: >>>>>>> stage Data preprocessing and model Training started <<<<<<<<]
[2023-07-28 16:19:49,698: INFO: common: yaml file: config\config.yaml loaded successfully]
[2023-07-28 16:19:49,700: INFO: common: yaml file: params.yaml loaded successfully]
[2023-07-28 16:19:49,700: INFO: common: created directory at: artifacts]
[2023-07-28 16:19:52,741: INFO: common: created directory at: artifacts/segmentation_model]
[2023-07-28 16:22:40,278: INFO: main: >>>>>>> stage Data preprocessing and model Training completed <<<<<<<<

x===========x]
[2023-07-28 16:22:40,278: INFO: main: >>>>>>> stage Model Evaluation started <<<<<<<<]
[2023-07-28 16:22:40,309: INFO: common: yaml file: config\config.yaml loaded successfully]
[2023-07-28 16:22:40,309: INFO: common: yaml file: params.yaml loaded successfully]
[2023-07-28 16:22:40,325: INFO: common: created directory at: artifacts]
[2023-07-28 16:22:44,414: INFO: common: json file saved at: scores.json]
[2023-07-28 16:22:44,414: INFO: main: >>>>>>> stage Model Evaluation completed <<<<<<<<

x===========x]
[2023-07-28 16:29:02,133: INFO: main: >>>>>>> stage Data Ingestion stage started <<<<<<<<]
[2023-07-28 16:29:02,136: INFO: common: yaml file: config\config.yaml loaded successfully]
[2023-07-28 16:29:02,138: INFO: common: yaml file: params.yaml loaded successfully]
[2023-07-28 16:29:02,138: INFO: common: created directory at: artifacts]
[2023-07-28 16:29:02,139: INFO: common: created directory at: artifacts/data_ingestion]
[2023-07-28 16:29:02,140: INFO: data_ingestion: File already exists of size: ~ 8261 KB]
[2023-07-28 16:29:02,239: INFO: main: >>>>>>> stage Data Ingestion stage completed <<<<<<<<

x===========x]
[2023-07-28 16:29:02,240: INFO: main: >>>>>>> stage Data preprocessing and model Training started <<<<<<<<]
[2023-07-28 16:29:02,245: INFO: common: yaml file: config\config.yaml loaded successfully]
[2023-07-28 16:29:02,247: INFO: common: yaml file: params.yaml loaded successfully]
[2023-07-28 16:29:02,248: INFO: common: created directory at: artifacts]
[2023-07-28 16:29:05,266: INFO: common: created directory at: artifacts/segmentation_model]
[2023-07-28 16:30:31,816: INFO: main: >>>>>>> stage Data preprocessing and model Training completed <<<<<<<<

x===========x]
[2023-07-28 16:30:31,825: INFO: main: >>>>>>> stage Model Evaluation started <<<<<<<<]
[2023-07-28 16:30:31,842: INFO: common: yaml file: config\config.yaml loaded successfully]
[2023-07-28 16:30:31,848: INFO: common: yaml file: params.yaml loaded successfully]
[2023-07-28 16:30:31,854: INFO: common: created directory at: artifacts]
[2023-07-28 16:30:35,831: INFO: common: json file saved at: scores.json]
[2023-07-28 16:30:35,832: INFO: main: >>>>>>> stage Model Evaluation completed <<<<<<<<

x===========x]
[2023-07-28 16:35:03,275: INFO: autoreload: C:\Users\jites\Desktop\DL_model_deployment\Semantic_segmentation_project_Django_UI\src\imageSegmentation\pipeline\predict.py changed, reloading.]
[2023-07-31 09:52:35,536: WARNING: log: Not Found: /favicon.ico]
[2023-07-31 13:15:09,643: INFO: utils: Note: NumExpr detected 16 cores but "NUMEXPR_MAX_THREADS" not set, so enforcing safe limit of 8.]
[2023-07-31 13:15:09,643: INFO: utils: NumExpr defaulting to 8 threads.]
[2023-07-31 13:15:12,414: INFO: common: yaml file: config\config.yaml loaded successfully]
[2023-07-31 13:15:12,419: INFO: common: yaml file: params.yaml loaded successfully]
[2023-07-31 13:15:12,422: INFO: common: created directory at: artifacts]
[2023-07-31 13:16:13,021: INFO: common: yaml file: config\config.yaml loaded successfully]
[2023-07-31 13:16:13,034: INFO: common: yaml file: params.yaml loaded successfully]
[2023-07-31 13:16:13,034: INFO: common: created directory at: artifacts]
[2023-07-31 13:16:13,039: INFO: common: created directory at: artifacts/data_ingestion]
[2023-07-31 13:16:16,675: INFO: 417448044: download! with following info]
[2023-07-31 13:16:45,075: INFO: utils: Note: NumExpr detected 16 cores but "NUMEXPR_MAX_THREADS" not set, so enforcing safe limit of 8.]
[2023-07-31 13:16:45,075: INFO: utils: NumExpr defaulting to 8 threads.]
[2023-07-31 13:16:46,034: INFO: common: yaml file: config\config.yaml loaded successfully]
[2023-07-31 13:16:46,040: INFO: common: yaml file: params.yaml loaded successfully]
[2023-07-31 13:16:46,040: INFO: common: created directory at: artifacts]
[2023-07-31 13:16:48,230: INFO: common: created directory at: artifacts/segmentation_model]
[2023-07-31 13:18:01,945: INFO: utils: Note: NumExpr detected 16 cores but "NUMEXPR_MAX_THREADS" not set, so enforcing safe limit of 8.]
[2023-07-31 13:18:01,961: INFO: utils: NumExpr defaulting to 8 threads.]
[2023-07-31 13:18:02,860: INFO: common: yaml file: config\config.yaml loaded successfully]
[2023-07-31 13:18:02,874: INFO: common: yaml file: params.yaml loaded successfully]
[2023-07-31 13:18:02,877: INFO: common: created directory at: artifacts]
[2023-07-31 13:18:05,017: INFO: common: created directory at: artifacts/segmentation_model]
[2023-07-31 13:30:22,337: INFO: utils: Note: NumExpr detected 16 cores but "NUMEXPR_MAX_THREADS" not set, so enforcing safe limit of 8.]
[2023-07-31 13:30:22,337: INFO: utils: NumExpr defaulting to 8 threads.]
[2023-07-31 13:30:23,217: INFO: common: yaml file: config\config.yaml loaded successfully]
[2023-07-31 13:30:23,220: INFO: common: yaml file: params.yaml loaded successfully]
[2023-07-31 13:30:23,225: INFO: common: created directory at: artifacts]
[2023-07-31 13:30:25,212: INFO: common: created directory at: artifacts/segmentation_model]
[2023-07-31 13:32:10,195: INFO: utils: Note: NumExpr detected 16 cores but "NUMEXPR_MAX_THREADS" not set, so enforcing safe limit of 8.]
[2023-07-31 13:32:10,198: INFO: utils: NumExpr defaulting to 8 threads.]
[2023-07-31 13:32:11,148: INFO: common: yaml file: config\config.yaml loaded successfully]
[2023-07-31 13:32:11,154: INFO: common: yaml file: params.yaml loaded successfully]
[2023-07-31 13:32:11,154: INFO: common: created directory at: artifacts]
[2023-07-31 13:32:13,216: INFO: common: created directory at: artifacts/segmentation_model]
[2023-07-31 14:02:50,668: INFO: main: >>>>>>> stage Data Ingestion stage started <<<<<<<<]
[2023-07-31 14:02:50,673: INFO: common: yaml file: config\config.yaml loaded successfully]
[2023-07-31 14:02:50,682: INFO: common: yaml file: params.yaml loaded successfully]
[2023-07-31 14:02:50,682: INFO: common: created directory at: artifacts]
[2023-07-31 14:02:50,682: INFO: common: created directory at: artifacts/data_ingestion]
[2023-07-31 14:02:50,682: INFO: data_ingestion: File already exists of size: ~ 8261 KB]
[2023-07-31 14:02:50,981: INFO: main: >>>>>>> stage Data Ingestion stage completed <<<<<<<<

x===========x]
[2023-07-31 14:02:50,981: INFO: main: >>>>>>> stage Data preprocessing and model Training started <<<<<<<<]
[2023-07-31 14:02:50,983: INFO: common: yaml file: config\config.yaml loaded successfully]
[2023-07-31 14:02:50,983: INFO: common: yaml file: params.yaml loaded successfully]
[2023-07-31 14:02:50,988: INFO: common: created directory at: artifacts]
[2023-07-31 14:02:54,016: INFO: common: created directory at: artifacts/segmentation_model]
[2023-07-31 14:02:54,016: INFO: common: created directory at: artifacts/segmentation_model]
[2023-07-31 14:07:31,415: INFO: main: >>>>>>> stage Data preprocessing and model Training completed <<<<<<<<

x===========x]
[2023-07-31 14:07:31,433: INFO: main: >>>>>>> stage Model Evaluation started <<<<<<<<]
[2023-07-31 14:07:31,478: INFO: common: yaml file: config\config.yaml loaded successfully]
[2023-07-31 14:07:31,478: INFO: common: yaml file: params.yaml loaded successfully]
[2023-07-31 14:07:31,497: INFO: common: created directory at: artifacts]
[2023-07-31 14:07:35,775: INFO: common: json file saved at: scores.json]
[2023-07-31 14:07:35,775: INFO: main: >>>>>>> stage Model Evaluation completed <<<<<<<<

x===========x]
[2023-07-31 14:08:30,992: WARNING: log: Not Found: /favicon.ico]
[2023-08-01 10:59:31,321: WARNING: log: Not Found: /favicon.ico]
[2023-08-01 11:07:23,730: WARNING: polymorphic_function: 5 out of the last 5 calls to <function Model.make_predict_function.<locals>.predict_function at 0x00000223FF449940> triggered tf.function retracing. Tracing is expensive and the excessive number of tracings could be due to (1) creating @tf.function repeatedly in a loop, (2) passing tensors with different shapes, (3) passing Python objects instead of tensors. For (1), please define your @tf.function outside of the loop. For (2), @tf.function has reduce_retracing=True option that can avoid unnecessary retracing. For (3), please refer to https://www.tensorflow.org/guide/function#controlling_retracing and https://www.tensorflow.org/api_docs/python/tf/function for  more details.]
[2023-08-01 11:08:24,002: WARNING: polymorphic_function: 6 out of the last 6 calls to <function Model.make_predict_function.<locals>.predict_function at 0x00000223FC901440> triggered tf.function retracing. Tracing is expensive and the excessive number of tracings could be due to (1) creating @tf.function repeatedly in a loop, (2) passing tensors with different shapes, (3) passing Python objects instead of tensors. For (1), please define your @tf.function outside of the loop. For (2), @tf.function has reduce_retracing=True option that can avoid unnecessary retracing. For (3), please refer to https://www.tensorflow.org/guide/function#controlling_retracing and https://www.tensorflow.org/api_docs/python/tf/function for  more details.]
